2016/01/07 21:17:48 Keyword: ============= 魅族 MX5 =============
2016/01/07 21:17:48 Item: 0:   999.00 魅族 MX4 Pro 16GB 灰色 联通4G手机 12226关注
2016/01/07 21:17:48 Item: 1:  1099.00 魅族 MX4 16GB 灰色 移动4G手机 54826关注
2016/01/07 21:17:48 Item: 2:  1199.00 【套装版】魅族 MX4 Pro 16GB 灰色 移动4G手机 2214关注
2016/01/07 21:17:48 Item: 3:  1688.00 【联通赠费版】魅族 MX5 16GB 金色 移动联通双4G手机 双卡双待 39关注
2016/01/07 21:17:48 Item: 4:  1699.00 魅族 MX5 16GB 灰色 移动4G手机 双卡双待 7221关注
2016/01/07 21:17:48 Item: 5:  1699.00 魅族 MX5 16GB 灰色 移动4G手机 双卡双待 1514关注
2016/01/07 21:17:59 Keyword: ============= iPhone 6 64G =============
2016/01/07 21:17:59 Item: 0:  5288.00 Apple iPhone 6 (A1586) 64GB 银色 移动联通电信4G手机 20095关注
2016/01/07 21:17:59 Item: 1:  5788.00 Apple iPhone 6s (A1700) 64G 金色 移动联通电信4G手机 23676关注
2016/01/07 21:17:59 Item: 2:  5887.00 Apple iPhone 6s (A1700) 64G 玫瑰金色 移动联通电信4G手机+dostyle 一体式USB蓝牙耳机 35692关注
2016/01/07 21:17:59 Item: 3:  5906.00 Apple iPhone 6s (A1700) 64G 玫瑰金色 移动联通电信4G手机（创意彩绘手机保护套装） 27766关注
2016/01/07 21:17:59 Item: 4:  5957.00 Apple iPhone 6s (A1700) 64G 玫瑰金色 移动联通电信4G手机（配移动电源套装） 28150关注
2016/01/07 21:17:59 Item: 5:  6488.00 Apple iPhone 6s plus (A1699) 64G 金色 移动联通电信4G手机 11189关注
2016/01/07 21:18:14 Keyword: ============= 华为 麦芒 金色 =============
2016/01/07 21:18:14 Item: 0:  1178.00 华为 麦芒3S C199S 黑金色 电信4G手机 双卡双待双通 891关注
2016/01/07 21:18:14 Item: 1:  2499.00 华为 麦芒4 晨曦金 全网通版4G手机 双卡双待 24615关注
2016/01/07 21:18:31 Keyword: ============= OPPO R7 =============
2016/01/07 21:18:32 Item: 0:  2299.00 OPPO R7 银色 移动4G手机 双卡双待 11332关注
2016/01/07 21:18:32 Item: 1:  2499.00 OPPO R7S 玫瑰金 移动4G手机 双卡双待 5395关注
2016/01/07 21:18:32 Item: 2:  2599.00 OPPO R7S 玫瑰金 全网通4G手机 双卡双待 1545关注
2016/01/07 21:18:32 Item: 3:  2899.00 OPPO R7 Plus 金色 移动4G手机 双卡双待 9330关注
2016/01/07 21:18:32 Item: 4:  2999.00 OPPO R7 Plus 金色 移动高配版4G手机 双卡双待（R7s plus） 335关注
2016/01/07 21:18:46 Keyword: ============= 小米 4C 白色 高配 =============
2016/01/07 21:18:46 Item: 0:  1499.00 小米 4c 高配版 全网通 白色 移动联通电信4G手机 双卡双待 22845关注
2016/01/07 21:19:05 Keyword: ============= iPhone 玫瑰金 =============
2016/01/07 21:19:05 Item: 0:  4888.00 【电信赠费版】Apple iPhone 6s 16G 玫瑰金 移动联通电信4G手机 481关注
2016/01/07 21:19:05 Item: 1:  5052.00 Apple iPhone 6s (A1700) 16G 玫瑰金色 移动联通电信4G手机（手机保护套装） 41235关注
2016/01/07 21:19:05 Item: 2:  5087.00 Apple iPhone 6s (A1700) 16G 玫瑰金色 移动联通电信4G手机+dostyle蓝牙耳机套装 48944关注
2016/01/07 21:19:05 Item: 3:  5157.00 Apple iPhone 6s (A1700) 16G 玫瑰金色 移动联通电信4G手机（配移动电源套装） 40844关注
2016/01/07 21:19:05 Item: 4:  5186.00 Apple iPhone 6s (A1700) 16G 玫瑰金色 移动联通电信4G手机+dostyle USB蓝牙耳机 / 便携式移动电源 55291关注
2016/01/07 21:19:05 Item: 5:  5788.00 Apple iPhone 6s plus (A1699) 16G 玫瑰金色 移动联通电信4G手机 15555关注
2016/01/07 21:19:05 Item: 6:  5807.90 Apple iPhone 6s plus (A1699) 16G 玫瑰金色 移动联通电信4G手机（钢化膜套装） 15283关注
2016/01/07 21:19:05 Item: 7:  5887.00 Apple iPhone 6s (A1700) 64G 玫瑰金色 移动联通电信4G手机+dostyle 一体式USB蓝牙耳机 35692关注
2016/01/07 21:19:05 Item: 8:  5906.00 Apple iPhone 6s (A1700) 64G 玫瑰金色 移动联通电信4G手机（创意彩绘手机保护套装） 27766关注
2016/01/07 21:19:05 Item: 9:  5957.00 Apple iPhone 6s (A1700) 64G 玫瑰金色 移动联通电信4G手机（配移动电源套装） 28150关注
2016/01/07 21:19:20 Keyword: ============= 索尼 Z5 =============
2016/01/07 21:19:20 Item: 0:  4999.00 索尼(SONY)Xperia Z5 E6683 索尼Z5 移动联通双4G 双卡手机 青川绿 174关注
2016/01/07 21:19:20 Item: 1:  5699.00 索尼(SONY) E6883 Xperia Z5 尊享版 4K屏 侧边指纹解锁 双卡手机 镜像银 1016关注
2016/01/07 21:23:07      ========================== SONY Z3 ==========================
2016/01/07 21:23:08 Item: 0:  2799.00 索尼(SONY) l55t Xperia Z3 索尼Z3 三防移动4G手机 琥珀金 1977关注
2016/01/07 21:23:08 Item: 1:  2799.00 索尼(SONY) L55u Xperia Z3 三防双卡联通4G版 春雪白 740关注
2016/01/07 21:23:08 Item: 2:  3999.00 索尼(SONY) E6533 Z3+ 双卡双待 防水防尘 八核 夜拍双4G手机 香槟金 644关注
2016/01/07 21:23:33      ========================== 联想 A3 ==========================
2016/01/07 21:23:33 Item: 0:   499.00 联想 乐檬 K3（K30-T）16G 清新白 移动4G手机 双卡双待 105624关注
2016/01/07 21:23:33 Item: 1:   599.00 联想 乐檬 K3 移动增强版（K30-T）16G 清新白 移动4G手机 双卡双待 20540关注
2016/01/07 21:23:33 Item: 2:   699.00 联想 乐檬 K3 Note（K50-t3s） 16G 珍珠白 移动4G手机 双卡双待 98505关注
2016/01/07 21:24:07      ========================== 奇酷 ==========================
2016/01/07 21:24:07 Item: 0:   699.00 酷派 大神F2（8675-HD）智尚白 移动定制版4G手机 双卡双待 17351关注
2016/01/07 21:24:07 Item: 1:   699.00 酷派 大神F2（8675-HD）智尚白 移动定制版4G手机 双卡双待 661关注
2016/01/07 21:24:07 Item: 2:   799.00 大神Note3（8676-M01） 香槟金 移动4G 双卡双待 1371关注
2016/01/07 21:24:07 Item: 3:   879.00 酷派 大神X7(8690) 钛晶白 移动联通4G手机 双卡双待 1163关注
2016/01/07 21:24:07 Item: 4:   879.00 酷派 大神 X7（8690）钛晶白 移动联通4G手机 双卡双待 1279关注
2016/01/07 21:24:07 Item: 5:   879.00 酷派 大神 X7（8690）钛晶白 移动联通4G手机 双卡双待 1059关注
2016/01/07 21:24:07 Item: 6:   899.00 大神（Dazen）Note3高配版 （8676-A01） 魔力白 移动联通电信4G手机 双卡双待 0关注
2016/01/07 21:24:07 Item: 7:   999.00 奇酷（QiKU） 青春版 移动联通4G手机 智铂银 双卡双待 30631关注
2016/01/07 21:24:07 Item: 8:  1034.00 奇酷（QiKU） 青春版 移动联通4G手机 智铂银 双卡双待（钢化膜套装） 30198关注
2016/01/07 21:24:07 Item: 9:  1199.00 奇酷（QiKU） 青春版 移动联通电信4G手机 智铂银 双卡双待（秒杀版） 1310关注
2016/01/07 21:24:07 Item:10:  1234.00 奇酷（QiKU） 8681-A01 青春版 移动联通电信4G手机 流光金 双卡双待（钢化膜套装） 1559关注
2016/01/07 21:24:07 Item:11:  1234.00 奇酷（QiKU） 青春版 移动联通电信4G手机 智铂银 双卡双待（钢化膜套装） 4106关注
2016/01/07 21:24:07 Item:12:  1334.00 奇酷（QiKU） 8681-A01 3GB内存青春版 移动联通电信4G手机 流光金 双卡双待（钢化膜套装） 6676关注
2016/01/07 21:24:07 Item:13:  1999.00 奇酷（QiKU)旗舰版 移动联通4G手机 辰光银 双卡双待 581关注
2016/01/07 21:24:07 Item:14:  2499.00 奇酷（QiKU)旗舰版 移动联通电信4G手机 辰光银 双卡双待 2379关注
2016/01/07 21:25:09      ========================== TCL ==========================
2016/01/07 21:25:09 Item: 0:   179.00 TCL 老人手机 (i310) 暗夜黑 移动联通2G手机 48407关注
2016/01/07 21:25:09 Item: 1:   199.00 TCL i310 移动/联通2G老人手机 纯净白 24关注
2016/01/07 21:25:09 Item: 2:   208.00 TCLf210 移动/联通2G 老人手机 纯净白 20关注
2016/01/07 21:25:09 Item: 3:   215.00 TCL P301M 移动4G手机 素雅白 42关注
2016/01/07 21:25:09 Item: 4:   218.00 TCL 么么哒 P308M 双卡双待 移动4G手机 白色 320关注
2016/01/07 21:25:09 Item: 5:   218.00 TCL P308M 移动4G手机 雪山白 44关注
2016/01/07 21:25:09 Item: 6:   248.00 TCL P332U 联通4G 双卡双待手机 黑色 7关注
2016/01/07 21:25:09 Item: 7:   248.00 TCL P332U 联通4G 双卡双待手机 素雅白 2关注
2016/01/07 21:25:09 Item: 8:   249.00 TCL i310+ 老人手机 移动联通2G手机 暗夜黑 54关注
2016/01/07 21:25:09 Item: 9:   259.00 TCL 骨传导翻盖老人机 (f200) 牡丹红 移动联通2G手机 2647关注
2016/01/07 21:25:09 Item:10:   268.00 TCL (P306C) 电信3G手机 双卡双待 珊瑚蓝 342关注
2016/01/07 21:25:09 Item:11:   275.00 TCL P331M 移动4G智能手机 白色 5关注
2016/01/07 21:25:09 Item:12:   277.00 TCL P502U 联通4G 双卡双待 手机 魅力白 353关注
2016/01/07 21:25:09 Item:13:   278.00 TCL P502U 联通4G手机 双卡双待 魅力白 172关注
2016/01/07 21:25:09 Item:14:   299.00 TCL P307L 电信4G 智能手机 白色 5关注
2016/01/07 21:25:09 Item:15:   299.00 TCL f200翻盖老人机 大字大屏大声按键老人手机 骨传导超薄手机 牡丹红 158关注
2016/01/07 21:25:09 Item:16:   299.00 TCL (P306C) 珍珠白 电信3G手机 双卡双待 1629关注
2016/01/07 21:25:09 Item:17:   299.00 TCL P307L 电信4G手机 白色 0关注
2016/01/07 21:25:09 Item:18:   306.00 TCL手机 P500M 5.0英寸大屏 暗月灰 28关注
2016/01/07 21:25:09 Item:19:   318.00 TCL P501M 移动4G 双卡双待手机 纯净白 10关注
2016/01/07 21:25:09 Item:20:   329.00 TCL 晚美 智能老人手机 (H916T) 陨石黑 移动3G手机 183关注
2016/01/07 21:25:09 Item:21:   338.00 TCL P316L 电信4G 双卡双通手机 雪山白 167关注
2016/01/07 21:25:09 Item:22:   338.00 TCL P316L 电信4G 双卡双待双通安卓智能手机 雪山白 21关注
2016/01/07 21:25:09 Item:23:   345.00 TCL P550U 联通4G 双卡双待手机 白色 7关注
2016/01/07 21:25:09 Item:24:   345.00 TCL P550U 联通4G 双卡双待手机 雪山白 1关注
2016/01/07 21:25:09 Item:25:   349.00 TCL P335M 移动4G手机 双卡双待手机 0关注
2016/01/07 21:25:09 Item:26:   369.00 TCL (P308L) 电信4G手机 双卡双待 月光白 222关注
2016/01/07 21:25:09 Item:27:   378.00 TCL 么么哒 P318L 电信4G手机 白色 85关注
2016/01/07 21:25:09 Item:28:   379.00 TCL P520L 电信4G手机 5.0英寸大屏 深海蓝 65关注
2016/01/07 21:25:09 Item:29:   398.00 TCL P318L 电信4G手机 双卡双待手机 闪耀白 42关注
2016/01/07 21:25:45      ========================== iPhone 6S 16G ==========================
2016/01/07 21:25:45 Item: 0:  4888.00 【电信赠费版】Apple iPhone 6s 16G 玫瑰金 移动联通电信4G手机 481关注
2016/01/07 21:25:45 Item: 1:  5052.00 Apple iPhone 6s (A1700) 16G 玫瑰金色 移动联通电信4G手机（手机保护套装） 41235关注
2016/01/07 21:25:45 Item: 2:  5055.00 Apple iPhone 6s (A1700) 16G 金色 移动联通电信4G手机（手机壳膜套装） 49412关注
2016/01/07 21:25:45 Item: 3:  5055.00 Apple iPhone 6s (A1700) 16G 深空灰色 移动联通电信4G手机（手机壳膜套装） 13277关注
2016/01/07 21:25:45 Item: 4:  5055.00 Apple iPhone 6s (A1700) 16G 银色 移动联通电信4G（手机壳膜套装） 12159关注
2016/01/07 21:25:45 Item: 5:  5067.00 Apple iPhone 6s (A1700) 16G 金色 移动联通电信4G手机(配移动电源套装) 60921关注
2016/01/07 21:25:45 Item: 6:  5087.00 Apple iPhone 6s (A1700) 16G 玫瑰金色 移动联通电信4G手机+dostyle蓝牙耳机套装 48944关注
2016/01/07 21:25:45 Item: 7:  5087.00 Apple iPhone 6s (A1700) 16G 金色 移动联通电信4G手机+dostyle一体式USB蓝牙耳机 52880关注
2016/01/07 21:25:45 Item: 8:  5157.00 Apple iPhone 6s (A1700) 16G 玫瑰金色 移动联通电信4G手机（配移动电源套装） 40844关注
2016/01/07 21:25:45 Item: 9:  5186.00 Apple iPhone 6s (A1700) 16G 玫瑰金色 移动联通电信4G手机+dostyle USB蓝牙耳机 / 便携式移动电源 55291关注
2016/01/07 21:25:45 Item:10:  5788.00 Apple iPhone 6s plus (A1699) 16G 玫瑰金色 移动联通电信4G手机 15555关注
2016/01/07 21:25:45 Item:11:  5807.90 Apple iPhone 6s plus (A1699) 16G 玫瑰金色 移动联通电信4G手机（钢化膜套装） 15283关注
2016/01/07 21:25:45 Item:12:  5807.90 Apple iPhone 6s plus (A1699) 16G 金色 移动联通电信4G手机（钢化膜套装） 11626关注
2016/01/07 21:25:45 Item:13:  5807.90 Apple iPhone 6s plus (A1699) 16G 银色 移动联通电信4G手机（钢化膜套装） 2969关注
2016/01/07 21:25:45 Item:14:  5807.90 Apple iPhone 6s plus (A1699) 16G 深空灰色 移动联通电信4G手机（钢化膜套装） 2403关注
2016/01/07 21:25:45 Item:15:  5855.00 Apple iPhone 6s plus (A1699) 16G 金色 移动联通电信4G手机（手机壳膜套装） 11608关注
2016/01/07 21:25:45 Item:16:  5855.00 Apple iPhone 6s plus (A1699) 16G 银色 移动联通电信4G手机（手机壳膜套装） 2988关注
2016/01/07 21:25:45 Item:17:  5855.00 Apple iPhone 6s plus (A1699) 16G 深空灰色 移动联通电信4G手机（手机壳膜套装） 2341关注
2016/01/08 02:47:23      ========================== 魅族 MX5 ==========================
2016/01/08 02:47:24 Item: 0:          Apple iPhone 6s 16GB 金色 移动联通电信4G手机 23683条评论 加入购物车对比2个商家 Apple iPhone 5s 16GB 金色 移动联通4G手机 26899条评论 查看详情对比3个商家 Apple iPhone 6s Plus 16GB 玫瑰金色 移动联通电信4G手机 11711条评论 查看详情对比3个商家 荣耀畅玩5X 双卡双待 移动联通双4G版 智能手机（破晓银） 207条评论 加入购物车对比8个商家 Apple iPhone 6s 64GB 玫瑰金色 移动联通电信4G手机 8404条评论 加入购物车对比2个商家 锤子 坚果 16GB 青色 移动联通4G手机 双卡双待 370条评论 加入购物车对比 小米手机4c 高配版全网通 白色 6117条评论 加入购物车对比14个商家 Apple iPhone 6（16GB）金色 移动联通电信4G手机 48555条评论 查看详情对比3个商家 Apple iPhone 6 Plus 16GB 金色 移动联通电信4G手机 22787条评论 加入购物车对比2个商家 荣耀 7 (PLK-TL01H) 3GB内存 冰河银 移动4G手机 双卡双待 3574条评论 加入购物车对比18个商家 小米Note 顶配双网通版 香槟金 64GB 4393条评论 加入购物车对比9个商家 奇酷大神Note3移动版4G指纹识别手机 1649条评论 查看详情对比8个商家 魅蓝note2 16GB 白色 移动联通双4G 双卡双待 21583条评论 加入购物车对比12个商家 三星 A5100 A5 2016（魔幻金）全网通4G手机 双卡双待 454条评论 加入购物车对比7个商家 vivo X6Plus 全网通远航版 金色 17条评论 加入购物车对比 华为荣耀畅玩4C(CHM-TL00H）（16GB ROM）移动4G增强版（白） 1230条评论 加入购物车对比10个商家 小米手机4c 标准版全网通 白色 5854条评论 查看详情对比15个商家 小米 红米Note 2 双网通版 白色 16GB 5696条评论 加入购物车对比11个商家 OPPO R7s 升级版万人迷全网通4G手机 玫瑰金色 1814条评论 加入购物车对比5个商家 魅蓝metal 16G 白色 公开版移动联通双4G手机 2137条评论 加入购物车对比12个商家 小米 4 2GB内存版 白色 移动4G手机 12016条评论 查看详情对比15个商家 华为畅享5 纯真白 全网通版4G手机 515条评论 加入购物车对比19个商家 三星 Galaxy Note4 N9106W(雅墨黑) 联通4G手机 双卡双待 20条评论 加入购物车对比2个商家 华为荣耀4A（SCL-TL00H）（2GB RAM）移动4G（白色） 3625条评论 查看详情对比15个商家 vivo X6A 全网通版 玫瑰金 62条评论 加入购物车对比2个商家 三星 Galaxy On7（G6000）8G版 昂小七 金色 全网通4G手机 双卡双待 211条评论 查看详情对比10个商家 HUAWEI P8 ALE-UL00（白色） 双4G 青春版 4476条评论 查看详情对比21个商家 小米 红米Note 3 双网通版 银色 16GB 1905条评论 加入购物车对比14个商家 三星 Galaxy Note3 N9002(白色) 联通3G手机 双卡双待 436条评论 加入购物车对比3个商家 PPTV KING7s 移动联通双4G 3D影音手机 双卡双待 金色 5367条评论 加入购物车对比 荣耀7i 双卡双待 三网通版 3GB内存+32GB存储 （沙滩金） 2598条评论 加入购物车对比9个商家 OPPO R7s Plus移动4G手机 4G+64G高配版 金色 590条评论 加入购物车对比5个商家 华为荣耀畅玩4X移动4G（黑色）双卡双待（Che2-TL00）（2GB RAM） 2385条评论 加入购物车对比10个商家 三星 Galaxy S5 G9006W（闪耀白）联通4G手机 双卡双待 4102条评论 加入购物车对比 努比亚（nubia）My 布拉格玫瑰金 女神范手机 移动联通电信4G 双卡双待 2164条评论 加入购物车对比3个商家 360奇酷手机青春版（移动联通双4G）智铂银 422条评论 加入购物车对比2个商家 华为荣耀6Plus移动4G（黑色）双卡双待(PE-TL20) （3GB RAM）标准版 16GB存储 6118条评论 查看详情对比8个商家 三星 A7100 A7 2016（雪域白）全网通4G手机 双卡双待 41条评论 加入购物车对比5个商家 魅族 MX5（M575）16GB 银白色 移动联通4G手机 5363条评论 加入购物车对比8个商家 荣耀畅玩5X 双卡双待 增强三网通版 智能手机 （落日金）套餐三 60条评论 加入购物车对比4个商家 锤子 坚果 32GB 青色 移动联通4G手机 双卡双待 1665条评论 加入购物车对比 三星 Galaxy on5（G5500）流沙金 移动联通双4G手机 双卡双待 1798条评论 查看详情对比9个商家 联想 乐檬 K3（K30-T）16G版 移动4G手机（清新白）双卡双待 TD-LTE/TD-SCDMA/GSM 3764条评论 加入购物车对比17个商家 魅族 PRO5 （银黑色） 移动联通双4G公开版 M576（32G） 1801条评论 查看详情对比10个商家 艾优尼（IUNI）i1 32GB 白色 双卡双待美颜手机 793条评论 加入购物车对比 金立手机S6 GN9010 [耀金]（32G+3G） 214条评论 查看详情对比4个商家 美图手机V4（极光白）64G 885条评论 加入购物车对比 小米 红米2A增强版 白色 移动4G手机 双卡双待 18023条评论 查看详情对比15个商家
2016/01/08 02:47:36      ========================== iPhone 6 64G ==========================
2016/01/08 02:47:38 Item: 0:          Apple iPhone 6s 16GB 金色 移动联通电信4G手机 23683条评论 加入购物车对比2个商家 Apple iPhone 5s 16GB 金色 移动联通4G手机 26899条评论 查看详情对比3个商家 Apple iPhone 6s Plus 16GB 玫瑰金色 移动联通电信4G手机 11711条评论 查看详情对比3个商家 荣耀畅玩5X 双卡双待 移动联通双4G版 智能手机（破晓银） 207条评论 加入购物车对比8个商家 Apple iPhone 6s 64GB 玫瑰金色 移动联通电信4G手机 8404条评论 加入购物车对比2个商家 锤子 坚果 16GB 青色 移动联通4G手机 双卡双待 370条评论 加入购物车对比 小米手机4c 高配版全网通 白色 6117条评论 加入购物车对比14个商家 Apple iPhone 6（16GB）金色 移动联通电信4G手机 48555条评论 查看详情对比3个商家 Apple iPhone 6 Plus 16GB 金色 移动联通电信4G手机 22787条评论 加入购物车对比2个商家 荣耀 7 (PLK-TL01H) 3GB内存 冰河银 移动4G手机 双卡双待 3574条评论 加入购物车对比18个商家 小米Note 顶配双网通版 香槟金 64GB 4393条评论 加入购物车对比9个商家 奇酷大神Note3移动版4G指纹识别手机 1649条评论 查看详情对比8个商家 魅蓝note2 16GB 白色 移动联通双4G 双卡双待 21583条评论 加入购物车对比12个商家 三星 A5100 A5 2016（魔幻金）全网通4G手机 双卡双待 454条评论 加入购物车对比7个商家 vivo X6Plus 全网通远航版 金色 17条评论 加入购物车对比 华为荣耀畅玩4C(CHM-TL00H）（16GB ROM）移动4G增强版（白） 1230条评论 加入购物车对比10个商家 小米手机4c 标准版全网通 白色 5854条评论 查看详情对比15个商家 小米 红米Note 2 双网通版 白色 16GB 5696条评论 加入购物车对比11个商家 OPPO R7s 升级版万人迷全网通4G手机 玫瑰金色 1814条评论 加入购物车对比5个商家 魅蓝metal 16G 白色 公开版移动联通双4G手机 2137条评论 加入购物车对比12个商家 小米 4 2GB内存版 白色 移动4G手机 12016条评论 查看详情对比15个商家 华为畅享5 纯真白 全网通版4G手机 515条评论 加入购物车对比19个商家 三星 Galaxy Note4 N9106W(雅墨黑) 联通4G手机 双卡双待 20条评论 加入购物车对比2个商家 华为荣耀4A（SCL-TL00H）（2GB RAM）移动4G（白色） 3625条评论 查看详情对比15个商家 vivo X6A 全网通版 玫瑰金 62条评论 加入购物车对比2个商家 三星 Galaxy On7（G6000）8G版 昂小七 金色 全网通4G手机 双卡双待 211条评论 查看详情对比10个商家 HUAWEI P8 ALE-UL00（白色） 双4G 青春版 4476条评论 查看详情对比21个商家 小米 红米Note 3 双网通版 银色 16GB 1905条评论 加入购物车对比14个商家 三星 Galaxy Note3 N9002(白色) 联通3G手机 双卡双待 436条评论 加入购物车对比3个商家 PPTV KING7s 移动联通双4G 3D影音手机 双卡双待 金色 5367条评论 加入购物车对比 荣耀7i 双卡双待 三网通版 3GB内存+32GB存储 （沙滩金） 2598条评论 加入购物车对比9个商家 OPPO R7s Plus移动4G手机 4G+64G高配版 金色 590条评论 加入购物车对比5个商家 华为荣耀畅玩4X移动4G（黑色）双卡双待（Che2-TL00）（2GB RAM） 2385条评论 加入购物车对比10个商家 三星 Galaxy S5 G9006W（闪耀白）联通4G手机 双卡双待 4102条评论 加入购物车对比 努比亚（nubia）My 布拉格玫瑰金 女神范手机 移动联通电信4G 双卡双待 2164条评论 加入购物车对比3个商家 360奇酷手机青春版（移动联通双4G）智铂银 422条评论 加入购物车对比2个商家 华为荣耀6Plus移动4G（黑色）双卡双待(PE-TL20) （3GB RAM）标准版 16GB存储 6118条评论 查看详情对比8个商家 三星 A7100 A7 2016（雪域白）全网通4G手机 双卡双待 41条评论 加入购物车对比5个商家 魅族 MX5（M575）16GB 银白色 移动联通4G手机 5363条评论 加入购物车对比8个商家 荣耀畅玩5X 双卡双待 增强三网通版 智能手机 （落日金）套餐三 60条评论 加入购物车对比4个商家 锤子 坚果 32GB 青色 移动联通4G手机 双卡双待 1665条评论 加入购物车对比 三星 Galaxy on5（G5500）流沙金 移动联通双4G手机 双卡双待 1798条评论 查看详情对比9个商家 联想 乐檬 K3（K30-T）16G版 移动4G手机（清新白）双卡双待 TD-LTE/TD-SCDMA/GSM 3764条评论 加入购物车对比17个商家 魅族 PRO5 （银黑色） 移动联通双4G公开版 M576（32G） 1801条评论 查看详情对比10个商家 艾优尼（IUNI）i1 32GB 白色 双卡双待美颜手机 793条评论 加入购物车对比 金立手机S6 GN9010 [耀金]（32G+3G） 214条评论 查看详情对比4个商家 美图手机V4（极光白）64G 885条评论 加入购物车对比 小米 红米2A增强版 白色 移动4G手机 双卡双待 18023条评论 查看详情对比15个商家
2016/01/08 02:47:46      ========================== 华为 麦芒 金色 ==========================
2016/01/08 02:47:46 Item: 0:          Apple iPhone 6s 16GB 金色 移动联通电信4G手机 23683条评论 加入购物车对比2个商家 Apple iPhone 5s 16GB 金色 移动联通4G手机 26899条评论 查看详情对比3个商家 Apple iPhone 6s Plus 16GB 玫瑰金色 移动联通电信4G手机 11711条评论 查看详情对比3个商家 荣耀畅玩5X 双卡双待 移动联通双4G版 智能手机（破晓银） 207条评论 加入购物车对比8个商家 Apple iPhone 6s 64GB 玫瑰金色 移动联通电信4G手机 8404条评论 加入购物车对比2个商家 锤子 坚果 16GB 青色 移动联通4G手机 双卡双待 370条评论 加入购物车对比 小米手机4c 高配版全网通 白色 6117条评论 加入购物车对比14个商家 Apple iPhone 6（16GB）金色 移动联通电信4G手机 48555条评论 查看详情对比3个商家 Apple iPhone 6 Plus 16GB 金色 移动联通电信4G手机 22787条评论 加入购物车对比2个商家 荣耀 7 (PLK-TL01H) 3GB内存 冰河银 移动4G手机 双卡双待 3574条评论 加入购物车对比18个商家 小米Note 顶配双网通版 香槟金 64GB 4393条评论 加入购物车对比9个商家 奇酷大神Note3移动版4G指纹识别手机 1649条评论 查看详情对比8个商家 魅蓝note2 16GB 白色 移动联通双4G 双卡双待 21583条评论 加入购物车对比12个商家 三星 A5100 A5 2016（魔幻金）全网通4G手机 双卡双待 454条评论 加入购物车对比7个商家 vivo X6Plus 全网通远航版 金色 17条评论 加入购物车对比 华为荣耀畅玩4C(CHM-TL00H）（16GB ROM）移动4G增强版（白） 1230条评论 加入购物车对比10个商家 小米手机4c 标准版全网通 白色 5854条评论 查看详情对比15个商家 小米 红米Note 2 双网通版 白色 16GB 5696条评论 加入购物车对比11个商家 OPPO R7s 升级版万人迷全网通4G手机 玫瑰金色 1814条评论 加入购物车对比5个商家 魅蓝metal 16G 白色 公开版移动联通双4G手机 2137条评论 加入购物车对比12个商家 小米 4 2GB内存版 白色 移动4G手机 12016条评论 查看详情对比15个商家 华为畅享5 纯真白 全网通版4G手机 515条评论 加入购物车对比19个商家 三星 Galaxy Note4 N9106W(雅墨黑) 联通4G手机 双卡双待 20条评论 加入购物车对比2个商家 华为荣耀4A（SCL-TL00H）（2GB RAM）移动4G（白色） 3625条评论 查看详情对比15个商家 vivo X6A 全网通版 玫瑰金 62条评论 加入购物车对比2个商家 三星 Galaxy On7（G6000）8G版 昂小七 金色 全网通4G手机 双卡双待 211条评论 查看详情对比10个商家 HUAWEI P8 ALE-UL00（白色） 双4G 青春版 4476条评论 查看详情对比21个商家 小米 红米Note 3 双网通版 银色 16GB 1905条评论 加入购物车对比14个商家 三星 Galaxy Note3 N9002(白色) 联通3G手机 双卡双待 436条评论 加入购物车对比3个商家 PPTV KING7s 移动联通双4G 3D影音手机 双卡双待 金色 5367条评论 加入购物车对比 荣耀7i 双卡双待 三网通版 3GB内存+32GB存储 （沙滩金） 2598条评论 加入购物车对比9个商家 OPPO R7s Plus移动4G手机 4G+64G高配版 金色 590条评论 加入购物车对比5个商家 华为荣耀畅玩4X移动4G（黑色）双卡双待（Che2-TL00）（2GB RAM） 2385条评论 加入购物车对比10个商家 三星 Galaxy S5 G9006W（闪耀白）联通4G手机 双卡双待 4102条评论 加入购物车对比 努比亚（nubia）My 布拉格玫瑰金 女神范手机 移动联通电信4G 双卡双待 2164条评论 加入购物车对比3个商家 360奇酷手机青春版（移动联通双4G）智铂银 422条评论 加入购物车对比2个商家 华为荣耀6Plus移动4G（黑色）双卡双待(PE-TL20) （3GB RAM）标准版 16GB存储 6118条评论 查看详情对比8个商家 三星 A7100 A7 2016（雪域白）全网通4G手机 双卡双待 41条评论 加入购物车对比5个商家 魅族 MX5（M575）16GB 银白色 移动联通4G手机 5363条评论 加入购物车对比8个商家 荣耀畅玩5X 双卡双待 增强三网通版 智能手机 （落日金）套餐三 60条评论 加入购物车对比4个商家 锤子 坚果 32GB 青色 移动联通4G手机 双卡双待 1665条评论 加入购物车对比 三星 Galaxy on5（G5500）流沙金 移动联通双4G手机 双卡双待 1798条评论 查看详情对比9个商家 联想 乐檬 K3（K30-T）16G版 移动4G手机（清新白）双卡双待 TD-LTE/TD-SCDMA/GSM 3764条评论 加入购物车对比17个商家 魅族 PRO5 （银黑色） 移动联通双4G公开版 M576（32G） 1801条评论 查看详情对比10个商家 艾优尼（IUNI）i1 32GB 白色 双卡双待美颜手机 793条评论 加入购物车对比 金立手机S6 GN9010 [耀金]（32G+3G） 214条评论 查看详情对比4个商家 美图手机V4（极光白）64G 885条评论 加入购物车对比 小米 红米2A增强版 白色 移动4G手机 双卡双待 18023条评论 查看详情对比15个商家
2016/01/08 02:48:29      ========================== 魅族 MX5 ==========================
2016/01/08 02:48:30 Item: 0:          Apple iPhone 6s 16GB 金色 移动联通电信4G手机 23683条评论 加入购物车对比2个商家 Apple iPhone 5s 16GB 金色 移动联通4G手机 26899条评论 查看详情对比3个商家 Apple iPhone 6s Plus 16GB 玫瑰金色 移动联通电信4G手机 11711条评论 查看详情对比3个商家 荣耀畅玩5X 双卡双待 移动联通双4G版 智能手机（破晓银） 207条评论 加入购物车对比8个商家 Apple iPhone 6s 64GB 玫瑰金色 移动联通电信4G手机 8404条评论 加入购物车对比2个商家 锤子 坚果 16GB 青色 移动联通4G手机 双卡双待 370条评论 加入购物车对比 小米手机4c 高配版全网通 白色 6117条评论 加入购物车对比14个商家 Apple iPhone 6（16GB）金色 移动联通电信4G手机 48555条评论 查看详情对比3个商家 Apple iPhone 6 Plus 16GB 金色 移动联通电信4G手机 22787条评论 加入购物车对比2个商家 荣耀 7 (PLK-TL01H) 3GB内存 冰河银 移动4G手机 双卡双待 3574条评论 加入购物车对比18个商家 小米Note 顶配双网通版 香槟金 64GB 4393条评论 加入购物车对比9个商家 奇酷大神Note3移动版4G指纹识别手机 1649条评论 查看详情对比8个商家 魅蓝note2 16GB 白色 移动联通双4G 双卡双待 21583条评论 加入购物车对比12个商家 三星 A5100 A5 2016（魔幻金）全网通4G手机 双卡双待 454条评论 加入购物车对比7个商家 vivo X6Plus 全网通远航版 金色 17条评论 加入购物车对比 华为荣耀畅玩4C(CHM-TL00H）（16GB ROM）移动4G增强版（白） 1230条评论 加入购物车对比10个商家 小米手机4c 标准版全网通 白色 5854条评论 查看详情对比15个商家 小米 红米Note 2 双网通版 白色 16GB 5696条评论 加入购物车对比11个商家 OPPO R7s 升级版万人迷全网通4G手机 玫瑰金色 1814条评论 加入购物车对比5个商家 魅蓝metal 16G 白色 公开版移动联通双4G手机 2137条评论 加入购物车对比12个商家 小米 4 2GB内存版 白色 移动4G手机 12016条评论 查看详情对比15个商家 华为畅享5 纯真白 全网通版4G手机 515条评论 加入购物车对比19个商家 三星 Galaxy Note4 N9106W(雅墨黑) 联通4G手机 双卡双待 20条评论 加入购物车对比2个商家 华为荣耀4A（SCL-TL00H）（2GB RAM）移动4G（白色） 3625条评论 查看详情对比15个商家 vivo X6A 全网通版 玫瑰金 62条评论 加入购物车对比2个商家 三星 Galaxy On7（G6000）8G版 昂小七 金色 全网通4G手机 双卡双待 211条评论 查看详情对比10个商家 HUAWEI P8 ALE-UL00（白色） 双4G 青春版 4476条评论 查看详情对比21个商家 小米 红米Note 3 双网通版 银色 16GB 1905条评论 加入购物车对比14个商家 三星 Galaxy Note3 N9002(白色) 联通3G手机 双卡双待 436条评论 加入购物车对比3个商家 PPTV KING7s 移动联通双4G 3D影音手机 双卡双待 金色 5367条评论 加入购物车对比 荣耀7i 双卡双待 三网通版 3GB内存+32GB存储 （沙滩金） 2598条评论 加入购物车对比9个商家 OPPO R7s Plus移动4G手机 4G+64G高配版 金色 590条评论 加入购物车对比5个商家 华为荣耀畅玩4X移动4G（黑色）双卡双待（Che2-TL00）（2GB RAM） 2385条评论 加入购物车对比10个商家 三星 Galaxy S5 G9006W（闪耀白）联通4G手机 双卡双待 4102条评论 加入购物车对比 努比亚（nubia）My 布拉格玫瑰金 女神范手机 移动联通电信4G 双卡双待 2164条评论 加入购物车对比3个商家 360奇酷手机青春版（移动联通双4G）智铂银 422条评论 加入购物车对比2个商家 华为荣耀6Plus移动4G（黑色）双卡双待(PE-TL20) （3GB RAM）标准版 16GB存储 6118条评论 查看详情对比8个商家 三星 A7100 A7 2016（雪域白）全网通4G手机 双卡双待 41条评论 加入购物车对比5个商家 魅族 MX5（M575）16GB 银白色 移动联通4G手机 5363条评论 加入购物车对比8个商家 荣耀畅玩5X 双卡双待 增强三网通版 智能手机 （落日金）套餐三 60条评论 加入购物车对比4个商家 锤子 坚果 32GB 青色 移动联通4G手机 双卡双待 1665条评论 加入购物车对比 三星 Galaxy on5（G5500）流沙金 移动联通双4G手机 双卡双待 1798条评论 查看详情对比9个商家 联想 乐檬 K3（K30-T）16G版 移动4G手机（清新白）双卡双待 TD-LTE/TD-SCDMA/GSM 3764条评论 加入购物车对比17个商家 魅族 PRO5 （银黑色） 移动联通双4G公开版 M576（32G） 1801条评论 查看详情对比10个商家 艾优尼（IUNI）i1 32GB 白色 双卡双待美颜手机 793条评论 加入购物车对比 金立手机S6 GN9010 [耀金]（32G+3G） 214条评论 查看详情对比4个商家 美图手机V4（极光白）64G 885条评论 加入购物车对比 小米 红米2A增强版 白色 移动4G手机 双卡双待 18023条评论 查看详情对比15个商家
2016/01/08 02:49:38      ========================== 魅族 MX5 ==========================
2016/01/08 02:49:40 Item: 0:          Apple iPhone 6s 16GB 金色 移动联通电信4G手机 23683条评论 加入购物车对比2个商家
2016/01/08 02:49:40 Item: 1:          Apple iPhone 5s 16GB 金色 移动联通4G手机 26899条评论 查看详情对比3个商家
2016/01/08 02:49:40 Item: 2:          Apple iPhone 6s Plus 16GB 玫瑰金色 移动联通电信4G手机 11711条评论 查看详情对比3个商家
2016/01/08 02:49:40 Item: 3:          荣耀畅玩5X 双卡双待 移动联通双4G版 智能手机（破晓银） 207条评论 加入购物车对比8个商家
2016/01/08 02:49:40 Item: 4:          Apple iPhone 6s 64GB 玫瑰金色 移动联通电信4G手机 8404条评论 加入购物车对比2个商家
2016/01/08 02:49:40 Item: 5:          锤子 坚果 16GB 青色 移动联通4G手机 双卡双待 370条评论 加入购物车对比
2016/01/08 02:49:40 Item: 6:          小米手机4c 高配版全网通 白色 6117条评论 加入购物车对比14个商家
2016/01/08 02:49:40 Item: 7:          Apple iPhone 6（16GB）金色 移动联通电信4G手机 48555条评论 查看详情对比3个商家
2016/01/08 02:49:40 Item: 8:          Apple iPhone 6 Plus 16GB 金色 移动联通电信4G手机 22787条评论 加入购物车对比2个商家
2016/01/08 02:49:40 Item: 9:          荣耀 7 (PLK-TL01H) 3GB内存 冰河银 移动4G手机 双卡双待 3574条评论 加入购物车对比18个商家
2016/01/08 02:49:40 Item:10:          小米Note 顶配双网通版 香槟金 64GB 4393条评论 加入购物车对比9个商家
2016/01/08 02:49:40 Item:11:          奇酷大神Note3移动版4G指纹识别手机 1649条评论 查看详情对比8个商家
2016/01/08 02:49:40 Item:12:          魅蓝note2 16GB 白色 移动联通双4G 双卡双待 21583条评论 加入购物车对比12个商家
2016/01/08 02:49:40 Item:13:          三星 A5100 A5 2016（魔幻金）全网通4G手机 双卡双待 454条评论 加入购物车对比7个商家
2016/01/08 02:49:40 Item:14:          vivo X6Plus 全网通远航版 金色 17条评论 加入购物车对比
2016/01/08 02:49:40 Item:15:          华为荣耀畅玩4C(CHM-TL00H）（16GB ROM）移动4G增强版（白） 1230条评论 加入购物车对比10个商家
2016/01/08 02:49:40 Item:16:          小米手机4c 标准版全网通 白色 5854条评论 查看详情对比15个商家
2016/01/08 02:49:40 Item:17:          小米 红米Note 2 双网通版 白色 16GB 5696条评论 加入购物车对比11个商家
2016/01/08 02:49:40 Item:18:          OPPO R7s 升级版万人迷全网通4G手机 玫瑰金色 1814条评论 加入购物车对比5个商家
2016/01/08 02:49:40 Item:19:          魅蓝metal 16G 白色 公开版移动联通双4G手机 2137条评论 加入购物车对比12个商家
2016/01/08 02:49:40 Item:20:          小米 4 2GB内存版 白色 移动4G手机 12016条评论 查看详情对比15个商家
2016/01/08 02:49:40 Item:21:          华为畅享5 纯真白 全网通版4G手机 515条评论 加入购物车对比19个商家
2016/01/08 02:49:40 Item:22:          三星 Galaxy Note4 N9106W(雅墨黑) 联通4G手机 双卡双待 20条评论 加入购物车对比2个商家
2016/01/08 02:49:40 Item:23:          华为荣耀4A（SCL-TL00H）（2GB RAM）移动4G（白色） 3625条评论 查看详情对比15个商家
2016/01/08 02:49:40 Item:24:          vivo X6A 全网通版 玫瑰金 62条评论 加入购物车对比2个商家
2016/01/08 02:49:40 Item:25:          三星 Galaxy On7（G6000）8G版 昂小七 金色 全网通4G手机 双卡双待 211条评论 查看详情对比10个商家
2016/01/08 02:49:40 Item:26:          HUAWEI P8 ALE-UL00（白色） 双4G 青春版 4476条评论 查看详情对比21个商家
2016/01/08 02:49:40 Item:27:          小米 红米Note 3 双网通版 银色 16GB 1905条评论 加入购物车对比14个商家
2016/01/08 02:49:40 Item:28:          三星 Galaxy Note3 N9002(白色) 联通3G手机 双卡双待 436条评论 加入购物车对比3个商家
2016/01/08 02:49:40 Item:29:          PPTV KING7s 移动联通双4G 3D影音手机 双卡双待 金色 5367条评论 加入购物车对比
2016/01/08 02:49:40 Item:30:          荣耀7i 双卡双待 三网通版 3GB内存+32GB存储 （沙滩金） 2598条评论 加入购物车对比9个商家
2016/01/08 02:49:40 Item:31:          OPPO R7s Plus移动4G手机 4G+64G高配版 金色 590条评论 加入购物车对比5个商家
2016/01/08 02:49:40 Item:32:          华为荣耀畅玩4X移动4G（黑色）双卡双待（Che2-TL00）（2GB RAM） 2385条评论 加入购物车对比10个商家
2016/01/08 02:49:40 Item:33:          三星 Galaxy S5 G9006W（闪耀白）联通4G手机 双卡双待 4102条评论 加入购物车对比
2016/01/08 02:49:40 Item:34:          努比亚（nubia）My 布拉格玫瑰金 女神范手机 移动联通电信4G 双卡双待 2164条评论 加入购物车对比3个商家
2016/01/08 02:49:40 Item:35:          360奇酷手机青春版（移动联通双4G）智铂银 422条评论 加入购物车对比2个商家
2016/01/08 02:49:40 Item:36:          华为荣耀6Plus移动4G（黑色）双卡双待(PE-TL20) （3GB RAM）标准版 16GB存储 6118条评论 查看详情对比8个商家
2016/01/08 02:49:40 Item:37:          三星 A7100 A7 2016（雪域白）全网通4G手机 双卡双待 41条评论 加入购物车对比5个商家
2016/01/08 02:49:40 Item:38:          魅族 MX5（M575）16GB 银白色 移动联通4G手机 5363条评论 加入购物车对比8个商家
2016/01/08 02:49:40 Item:39:          荣耀畅玩5X 双卡双待 增强三网通版 智能手机 （落日金）套餐三 60条评论 加入购物车对比4个商家
2016/01/08 02:49:40 Item:40:          锤子 坚果 32GB 青色 移动联通4G手机 双卡双待 1665条评论 加入购物车对比
2016/01/08 02:49:40 Item:41:          三星 Galaxy on5（G5500）流沙金 移动联通双4G手机 双卡双待 1798条评论 查看详情对比9个商家
2016/01/08 02:49:40 Item:42:          联想 乐檬 K3（K30-T）16G版 移动4G手机（清新白）双卡双待 TD-LTE/TD-SCDMA/GSM 3764条评论 加入购物车对比17个商家
2016/01/08 02:49:40 Item:43:          魅族 PRO5 （银黑色） 移动联通双4G公开版 M576（32G） 1801条评论 查看详情对比10个商家
2016/01/08 02:49:40 Item:44:          艾优尼（IUNI）i1 32GB 白色 双卡双待美颜手机 793条评论 加入购物车对比
2016/01/08 02:49:40 Item:45:          金立手机S6 GN9010 [耀金]（32G+3G） 214条评论 查看详情对比4个商家
2016/01/08 02:49:40 Item:46:          美图手机V4（极光白）64G 885条评论 加入购物车对比
2016/01/08 02:49:40 Item:47:          小米 红米2A增强版 白色 移动4G手机 双卡双待 18023条评论 查看详情对比15个商家
2016/01/08 02:51:28      ========================== 魅族 MX5 ==========================
2016/01/08 02:51:28 Item: 0:          Apple iPhone 6s 16GB 金色 移动联通电信4G手机 23683条评论 加入购物车对比2个商家
2016/01/08 02:51:28 Item: 1:          Apple iPhone 5s 16GB 金色 移动联通4G手机 26899条评论 查看详情对比3个商家
2016/01/08 02:51:28 Item: 2:          Apple iPhone 6s Plus 16GB 玫瑰金色 移动联通电信4G手机 11711条评论 查看详情对比3个商家
2016/01/08 02:51:28 Item: 3:          荣耀畅玩5X 双卡双待 移动联通双4G版 智能手机（破晓银） 207条评论 加入购物车对比8个商家
2016/01/08 02:51:28 Item: 4:          Apple iPhone 6s 64GB 玫瑰金色 移动联通电信4G手机 8404条评论 加入购物车对比2个商家
2016/01/08 02:51:28 Item: 5:          锤子 坚果 16GB 青色 移动联通4G手机 双卡双待 370条评论 加入购物车对比
2016/01/08 02:51:28 Item: 6:          小米手机4c 高配版全网通 白色 6117条评论 加入购物车对比14个商家
2016/01/08 02:51:28 Item: 7:          Apple iPhone 6（16GB）金色 移动联通电信4G手机 48555条评论 查看详情对比3个商家
2016/01/08 02:51:28 Item: 8:          Apple iPhone 6 Plus 16GB 金色 移动联通电信4G手机 22787条评论 加入购物车对比2个商家
2016/01/08 02:51:28 Item: 9:          荣耀 7 (PLK-TL01H) 3GB内存 冰河银 移动4G手机 双卡双待 3574条评论 加入购物车对比18个商家
2016/01/08 02:51:28 Item:10:          小米Note 顶配双网通版 香槟金 64GB 4393条评论 加入购物车对比9个商家
2016/01/08 02:51:28 Item:11:          奇酷大神Note3移动版4G指纹识别手机 1649条评论 查看详情对比8个商家
2016/01/08 02:51:28 Item:12:          魅蓝note2 16GB 白色 移动联通双4G 双卡双待 21583条评论 加入购物车对比12个商家
2016/01/08 02:51:28 Item:13:          三星 A5100 A5 2016（魔幻金）全网通4G手机 双卡双待 454条评论 加入购物车对比7个商家
2016/01/08 02:51:28 Item:14:          vivo X6Plus 全网通远航版 金色 17条评论 加入购物车对比
2016/01/08 02:51:28 Item:15:          华为荣耀畅玩4C(CHM-TL00H）（16GB ROM）移动4G增强版（白） 1230条评论 加入购物车对比10个商家
2016/01/08 02:51:28 Item:16:          小米手机4c 标准版全网通 白色 5854条评论 查看详情对比15个商家
2016/01/08 02:51:28 Item:17:          小米 红米Note 2 双网通版 白色 16GB 5696条评论 加入购物车对比11个商家
2016/01/08 02:51:28 Item:18:          OPPO R7s 升级版万人迷全网通4G手机 玫瑰金色 1814条评论 加入购物车对比5个商家
2016/01/08 02:51:28 Item:19:          魅蓝metal 16G 白色 公开版移动联通双4G手机 2137条评论 加入购物车对比12个商家
2016/01/08 02:51:28 Item:20:          小米 4 2GB内存版 白色 移动4G手机 12016条评论 查看详情对比15个商家
2016/01/08 02:51:28 Item:21:          华为畅享5 纯真白 全网通版4G手机 515条评论 加入购物车对比19个商家
2016/01/08 02:51:28 Item:22:          三星 Galaxy Note4 N9106W(雅墨黑) 联通4G手机 双卡双待 20条评论 加入购物车对比2个商家
2016/01/08 02:51:28 Item:23:          华为荣耀4A（SCL-TL00H）（2GB RAM）移动4G（白色） 3625条评论 查看详情对比15个商家
2016/01/08 02:51:28 Item:24:          vivo X6A 全网通版 玫瑰金 62条评论 加入购物车对比2个商家
2016/01/08 02:51:28 Item:25:          三星 Galaxy On7（G6000）8G版 昂小七 金色 全网通4G手机 双卡双待 211条评论 查看详情对比10个商家
2016/01/08 02:51:28 Item:26:          HUAWEI P8 ALE-UL00（白色） 双4G 青春版 4476条评论 查看详情对比21个商家
2016/01/08 02:51:28 Item:27:          小米 红米Note 3 双网通版 银色 16GB 1905条评论 加入购物车对比14个商家
2016/01/08 02:51:28 Item:28:          三星 Galaxy Note3 N9002(白色) 联通3G手机 双卡双待 436条评论 加入购物车对比3个商家
2016/01/08 02:51:28 Item:29:          PPTV KING7s 移动联通双4G 3D影音手机 双卡双待 金色 5367条评论 加入购物车对比
2016/01/08 02:51:28 Item:30:          荣耀7i 双卡双待 三网通版 3GB内存+32GB存储 （沙滩金） 2598条评论 加入购物车对比9个商家
2016/01/08 02:51:28 Item:31:          OPPO R7s Plus移动4G手机 4G+64G高配版 金色 590条评论 加入购物车对比5个商家
2016/01/08 02:51:28 Item:32:          华为荣耀畅玩4X移动4G（黑色）双卡双待（Che2-TL00）（2GB RAM） 2385条评论 加入购物车对比10个商家
2016/01/08 02:51:28 Item:33:          三星 Galaxy S5 G9006W（闪耀白）联通4G手机 双卡双待 4102条评论 加入购物车对比
2016/01/08 02:51:28 Item:34:          努比亚（nubia）My 布拉格玫瑰金 女神范手机 移动联通电信4G 双卡双待 2164条评论 加入购物车对比3个商家
2016/01/08 02:51:28 Item:35:          360奇酷手机青春版（移动联通双4G）智铂银 422条评论 加入购物车对比2个商家
2016/01/08 02:51:28 Item:36:          华为荣耀6Plus移动4G（黑色）双卡双待(PE-TL20) （3GB RAM）标准版 16GB存储 6118条评论 查看详情对比8个商家
2016/01/08 02:51:28 Item:37:          三星 A7100 A7 2016（雪域白）全网通4G手机 双卡双待 41条评论 加入购物车对比5个商家
2016/01/08 02:51:28 Item:38:          魅族 MX5（M575）16GB 银白色 移动联通4G手机 5363条评论 加入购物车对比8个商家
2016/01/08 02:51:28 Item:39:          荣耀畅玩5X 双卡双待 增强三网通版 智能手机 （落日金）套餐三 60条评论 加入购物车对比4个商家
2016/01/08 02:51:28 Item:40:          锤子 坚果 32GB 青色 移动联通4G手机 双卡双待 1665条评论 加入购物车对比
2016/01/08 02:51:28 Item:41:          三星 Galaxy on5（G5500）流沙金 移动联通双4G手机 双卡双待 1798条评论 查看详情对比9个商家
2016/01/08 02:51:28 Item:42:          联想 乐檬 K3（K30-T）16G版 移动4G手机（清新白）双卡双待 TD-LTE/TD-SCDMA/GSM 3764条评论 加入购物车对比17个商家
2016/01/08 02:51:28 Item:43:          魅族 PRO5 （银黑色） 移动联通双4G公开版 M576（32G） 1801条评论 查看详情对比10个商家
2016/01/08 02:51:28 Item:44:          艾优尼（IUNI）i1 32GB 白色 双卡双待美颜手机 793条评论 加入购物车对比
2016/01/08 02:51:28 Item:45:          金立手机S6 GN9010 [耀金]（32G+3G） 214条评论 查看详情对比4个商家
2016/01/08 02:51:28 Item:46:          美图手机V4（极光白）64G 885条评论 加入购物车对比
2016/01/08 02:51:28 Item:47:          小米 红米2A增强版 白色 移动4G手机 双卡双待 18023条评论 查看详情对比15个商家
2016/01/08 02:56:35      ========================== 魅族 MX5 ==========================
2016/01/08 02:56:36 Item: 0:          魅族 MX5 16GB 金色 移动联通双4G 1588条评论 加入购物车对比6个商家
2016/01/08 02:56:36 Item: 1:          魅族 MX5（M575）16GB 银白色 移动联通4G手机 5363条评论 加入购物车对比8个商家
2016/01/08 02:56:36 Item: 2:          魅族（Meizu）魅族MX5移动联通双4G大屏智能手机(银白色 32GB） 410条评论 加入购物车对比6个商家
2016/01/08 02:56:36 Item: 3:          魅族 MX5 16GB 银黑色 移动4G公开版 6073条评论 加入购物车对比10个商家
2016/01/08 02:56:36 Item: 4:          Meizu/魅族 MX5 移动联通双4G 金色32G 287条评论 加入购物车对比7个商家
2016/01/08 02:56:36 Item: 5:          魅族 MX5（M575）16GB 银黑色 移动联通4G手机 1322条评论 加入购物车对比5个商家
2016/01/08 02:56:36 Item: 6:          Meizu/魅族 MX5 公开版 银白色32G 199条评论 加入购物车对比7个商家
2016/01/08 02:56:36 Item: 7:          Meizu/魅族 MX5 公开版 灰色32G 21条评论 加入购物车对比7个商家
2016/01/08 02:56:36 Item: 8:          Meizu/魅族 MX5 公开版 银黑色32G 41条评论 加入购物车对比5个商家
2016/01/08 02:56:36 Item: 9:          Meizu/魅族 MX5 公开版 银白色16G 65条评论 加入购物车对比9个商家
2016/01/08 02:56:36 Item:10:          魅族 MX5 16GB 金色 4条评论 加入购物车对比3个商家
2016/01/08 02:56:36 Item:11:          Meizu/魅族 MX5 公开版 灰色16G 3条评论 加入购物车对比7个商家
2016/01/08 02:56:36 Item:12:          Meizu/魅族 MX5 公开版 金色16G 2条评论 加入购物车对比3个商家
2016/01/08 02:56:36 Item:13:          魅族 MX5 M575 银黑色16GB 公开版 10条评论 加入购物车对比6个商家
2016/01/08 02:56:36 Item:14:          魅族 MX5 16GB 银白色 1条评论 加入购物车对比2个商家
2016/01/08 02:56:36 Item:15:          魅族 MX5 16GB 灰色 移动4G手机 双卡双待 4条评论 加入购物车对比7个商家
2016/01/08 02:56:36 Item:16:          魅族 MX5 16GB 灰色 移动4G手机 1条评论 加入购物车对比6个商家
2016/01/08 02:56:36 Item:17:          魅族MX5 16GB 金色 移动4G公开版 39条评论 加入购物车对比5个商家
2016/01/08 02:56:36 Item:18:          魅族 MX5 M575 银白色16GB 公开版 99条评论 加入购物车对比5个商家
2016/01/08 02:56:36 Item:19:          Meizu/魅族 MX5 公开版 银黑色16G 9条评论 加入购物车对比6个商家
2016/01/08 02:56:36 Item:20:          Meizu/魅族 MX5 联通版4G 金色16G 19条评论 加入购物车对比6个商家
2016/01/08 02:56:36 Item:21:          魅族(MEIZU) 魅族MX5 移动4G大屏智能手机 双卡双待 32GB 银黑色 5条评论 加入购物车对比5个商家
2016/01/08 02:56:36 Item:22:          Meizu/魅族 MX5 移动公开版联通双4G 金色32G 76条评论 加入购物车对比7个商家
2016/01/08 02:56:36 Item:23:          Meizu/魅族 MX5 移动公开版32G 灰色 3条评论 加入购物车对比4个商家
2016/01/08 02:56:36 Item:24:          魅族MX5 移动联通双4G大屏智能手机 银黑色 13条评论 加入购物车对比5个商家
2016/01/08 02:56:36 Item:25:          Meizu/魅族 MX5 联通版 银黑色16G 20条评论 加入购物车对比4个商家
2016/01/08 02:56:36 Item:26:          Meizu/魅族 MX5 移动公开版 银白色16G 175条评论 加入购物车对比6个商家
2016/01/08 02:56:36 Item:27:          魅族 MX5 16GB 银白色 移动4G公开版 5280条评论 加入购物车对比9个商家
2016/01/08 02:56:36 Item:28:          Meizu/魅族 MX5 联通版移动双4G 金色 32G 5条评论 加入购物车对比3个商家
2016/01/08 02:56:36 Item:29:          魅族 MX5 16GB 银黑色 移动4G（公开版） 278条评论 加入购物车对比5个商家
2016/01/08 02:56:36 Item:30:          魅族 MX5 移动 联通双4G 16GB 熊猫白 6条评论 加入购物车对比6个商家
2016/01/08 02:56:36 Item:31:          魅族MX5 移动4G手机双卡双待 32GB 银黑色 6条评论 加入购物车对比5个商家
2016/01/08 02:56:36 Item:32:          魅族(MEIZU) 魅族MX5 移动4G大屏智能手机 双卡双待 32GB 灰色 9条评论 加入购物车对比5个商家
2016/01/08 02:56:36 Item:33:          魅族(MEIZU) 魅族MX5 联通4G大屏智能手机 双卡双待 16GB 灰色 0条评论 加入购物车对比
2016/01/08 02:56:36 Item:34:          魅族(MEIZU) 魅族MX5 移动4G大屏智能手机 双卡双待 16GB 灰色 5条评论 加入购物车对比3个商家
2016/01/08 02:56:36 Item:35:          魅族（Meizu）魅族MX5联通4G大屏智能手机(银白色 16GB） 0条评论 加入购物车对比2个商家
2016/01/08 02:56:36 Item:36:          魅族 MX5 16GB 银白色 移动4G（公开版） 158条评论 加入购物车对比6个商家
2016/01/08 02:56:36 Item:37:          魅族(MEIZU) 魅族MX5 移动4G大屏智能手机 双卡双待 32GB 金色 37条评论 加入购物车对比4个商家
2016/01/08 02:56:36 Item:38:          Meizu/魅族 MX5 移动公开版 银白色32G 151条评论 加入购物车对比7个商家
2016/01/08 02:56:36 Item:39:          魅族(MEIZU) 魅族MX5 移动4G大屏智能手机 双卡双待 16GB 银白色 10条评论 加入购物车对比5个商家
2016/01/08 02:56:36 Item:40:          魅族MX5 移动4G手机双卡双待 32GB 灰色 10条评论 加入购物车对比4个商家
2016/01/08 02:56:36 Item:41:          Meizu/魅族 MX5 移动公开版移动联通双4G 灰色32G 10条评论 加入购物车对比5个商家
2016/01/08 02:56:36 Item:42:          魅族MX5 32GB 银白色 移动4G手机 4条评论 加入购物车对比4个商家
2016/01/08 02:56:36 Item:43:          魅族(MEIZU) 魅族MX5 移动4G大屏智能手机 双卡双待 32GB 银白色 41条评论 加入购物车对比6个商家
2016/01/08 02:56:36 Item:44:          Meizu/魅族 MX5 联通版 灰色 32G 13条评论 加入购物车对比6个商家
2016/01/08 02:56:36 Item:45:          魅族MX5 16GB 灰色 移动4G公开版 0条评论 加入购物车对比
2016/01/08 02:56:36 Item:46:          魅族(MEIZU) 魅族MX5 移动4G大屏智能手机 双卡双待 16GB 金色 51条评论 加入购物车对比7个商家
2016/01/08 02:56:36 Item:47:          Meizu/魅族 MX5 联通版 银黑色32G 56条评论 加入购物车对比5个商家
2016/01/08 03:00:35      ========================== 魅族 MX5 ==========================
2016/01/08 03:00:36 Item: 0:          魅族 MX5（M575）16GB 银白色 移动联通4G手机 5363条评论 加入购物车对比8个商家
2016/01/08 03:00:36 Item: 1:          魅族 MX5 16GB 银黑色 移动4G公开版 6073条评论 加入购物车对比10个商家
2016/01/08 03:00:36 Item: 2:          魅族 MX5（M575）16GB 银黑色 移动联通4G手机 1322条评论 加入购物车对比5个商家
2016/01/08 03:00:36 Item: 3:          魅族 MX5 M575 银黑色16GB 公开版 10条评论 加入购物车对比6个商家
2016/01/08 03:00:36 Item: 4:          魅族 MX5 M575 银白色16GB 公开版 99条评论 加入购物车对比5个商家
2016/01/08 03:00:36 Item: 5:          魅族 MX5 16GB 金色 4条评论 加入购物车对比3个商家
2016/01/08 03:00:36 Item: 6:          魅族 MX5 16GB 银白色 1条评论 加入购物车对比2个商家
2016/01/08 03:00:36 Item: 7:          魅族 MX5 16GB 灰色 移动4G手机 1条评论 加入购物车对比6个商家
2016/01/08 03:00:36 Item: 8:          魅族 MX5 16GB 灰色 移动4G手机 双卡双待 4条评论 加入购物车对比7个商家
2016/01/08 03:00:36 Item: 9:          魅族 MX5 16GB （银白色 ）移动4G公开版 11条评论 加入购物车对比8个商家
2016/01/08 03:01:00      ========================== 魅族 MX5 ==========================
2016/01/08 03:01:00 Item: 0:          魅族 MX5（M575）16GB 银白色 移动联通4G手机 5363条评论 加入购物车对比8个商家
2016/01/08 03:01:00 Item: 1:          魅族 MX5 16GB 银黑色 移动4G公开版 6073条评论 加入购物车对比10个商家
2016/01/08 03:01:00 Item: 2:          魅族 MX5（M575）16GB 银黑色 移动联通4G手机 1322条评论 加入购物车对比5个商家
2016/01/08 03:01:00 Item: 3:          魅族 MX5 M575 银黑色16GB 公开版 10条评论 加入购物车对比6个商家
2016/01/08 03:01:00 Item: 4:          魅族 MX5 M575 银白色16GB 公开版 99条评论 加入购物车对比5个商家
2016/01/08 03:01:00 Item: 5:          魅族 MX5 16GB 金色 4条评论 加入购物车对比3个商家
2016/01/08 03:01:00 Item: 6:          魅族 MX5 16GB 银白色 1条评论 加入购物车对比2个商家
2016/01/08 03:01:00 Item: 7:          魅族 MX5 16GB 灰色 移动4G手机 1条评论 加入购物车对比6个商家
2016/01/08 03:01:00 Item: 8:          魅族 MX5 16GB 灰色 移动4G手机 双卡双待 4条评论 加入购物车对比7个商家
2016/01/08 03:01:00 Item: 9:          魅族 MX5 16GB （银白色 ）移动4G公开版 11条评论 加入购物车对比8个商家
2016/01/08 03:01:11      ========================== iPhone 6 64G ==========================
2016/01/08 03:01:11 Item: 0:          Apple iPhone 6s 64GB 玫瑰金色 移动联通电信4G手机 8404条评论 加入购物车对比2个商家
2016/01/08 03:01:11 Item: 1:          Apple iPhone 6s 64GB 金色 移动联通电信4G手机 15271条评论 查看详情对比
2016/01/08 03:01:11 Item: 2:          Apple iPhone 6s Plus 64GB 玫瑰金色 移动联通电信4G手机 12813条评论 加入购物车对比
2016/01/08 03:01:11 Item: 3:          Apple iPhone 6 Plus 64GB 金色 移动联通电信4G手机 8687条评论 加入购物车对比2个商家
2016/01/08 03:01:11 Item: 4:          Apple iPhone 6s Plus 64GB 金色 移动联通电信4G手机 7039条评论 查看详情对比
2016/01/08 03:01:11 Item: 5:          Apple iPhone 6s 64GB 银色 移动联通电信4G手机 5397条评论 加入购物车对比2个商家
2016/01/08 03:01:11 Item: 6:          Apple iPhone 6s 64GB 深空灰色 移动联通电信4G手机 5267条评论 加入购物车对比
2016/01/08 03:01:11 Item: 7:          Apple iPhone 6s Plus 64GB 银色 移动联通电信4G手机 2784条评论 加入购物车对比
2016/01/08 03:01:11 Item: 8:          Apple iPhone 6 Plus 64GB 深空灰色 移动联通电信4G手机 249条评论 加入购物车对比
2016/01/08 03:01:11 Item: 9:          Apple iPhone 6s Plus 64GB 深空灰色 移动联通电信4G手机 1564条评论 加入购物车对比
2016/01/08 03:01:22      ========================== 华为 麦芒 金色 ==========================
2016/01/08 03:01:23 Item: 0:          华为(HUAWEI) G7pro/G7plus/麦芒4翻盖保护套 0条评论 查看详情对比
2016/01/08 03:01:23 Item: 1:          华为麦芒4 晨曦金 全网通4G手机 3630条评论 加入购物车对比18个商家
2016/01/08 03:01:23 Item: 2:          【电信购机送费】华为麦芒4（RIO-AL00）全网通4G手机 晨曦金 3630条评论 查看详情对比
2016/01/08 03:01:39      ========================== OPPO R7 ==========================
2016/01/08 03:01:39 Item: 0:          OPPO R7 金色 移动4G手机 双卡双待 2908条评论 加入购物车对比4个商家
2016/01/08 03:01:39 Item: 1:          OPPO R7s 长续航闪充利器移动4G手机 玫瑰金色 2765条评论 查看详情对比5个商家
2016/01/08 03:01:39 Item: 2:          OPPO R7s Plus移动4G手机 4G+64G高配版 金色 590条评论 加入购物车对比5个商家
2016/01/08 03:01:39 Item: 3:          OPPO R7s 升级版万人迷全网通4G手机 玫瑰金色 1814条评论 加入购物车对比5个商家
2016/01/08 03:01:39 Item: 4:          OPPO R7 Plus 金色 移动4G手机 1604条评论 加入购物车对比5个商家
2016/01/08 03:01:39 Item: 5:          OPPO R7 Plusm 金色 全网通4G手机 双卡双待 1232条评论 加入购物车对比4个商家
2016/01/08 03:01:39 Item: 6:          OPPO R7 银色 移动4G手机 双卡双待 3024条评论 加入购物车对比5个商家
2016/01/08 03:01:39 Item: 7:          OPPO R7s 升级版万人迷全网通4G手机 金色 1735条评论 加入购物车对比5个商家
2016/01/08 03:01:39 Item: 8:          OPPO R7s 长续航闪充利器移动4G手机 金色 1831条评论 加入购物车对比5个商家
2016/01/08 03:01:39 Item: 9:          OPPO R7s 长续航闪充利器移动4G手机 银色 559条评论 加入购物车对比
2016/01/08 03:01:39 Item:10:          OPPO R7c 银色 电信4G手机 716条评论 加入购物车对比2个商家
2016/01/08 03:01:39 Item:11:          【移动赠费版】OPPO R7 金色 移动4G 双卡双待 2908条评论 查看详情对比
2016/01/08 03:01:39 Item:12:          【移动赠费版】OPPO R7 银色 移动4G 双卡双待 3024条评论 查看详情对比
2016/01/08 03:01:39 Item:13:          OPPO R7 Plusm全网通4G手机 4G+64G高配版 金色 589条评论 加入购物车对比4个商家
2016/01/08 03:01:53      ========================== 小米 4C 白色 高配 ==========================
2016/01/08 03:01:54 Item: 0:          小米手机4c 高配版全网通 灰色 5159条评论 加入购物车对比13个商家
2016/01/08 03:01:54 Item: 1:          小米手机4c 高配版全网通 白色 6117条评论 加入购物车对比14个商家
2016/01/08 03:01:54 Item: 2:          【电信购机赠费】小米手机4c 高配版全网通 灰色 5159条评论 查看详情对比
2016/01/08 03:01:54 Item: 3:          小米手机4c 高配版全网通 蓝色 1051条评论 加入购物车对比2个商家
2016/01/08 03:02:07      ========================== iPhone 玫瑰金 ==========================
2016/01/08 03:02:07 Item: 0:          Apple iPhone 6s Plus 16GB 玫瑰金色 移动联通电信4G手机 11711条评论 查看详情对比3个商家
2016/01/08 03:02:07 Item: 1:          Apple iPhone 6s 64GB 玫瑰金色 移动联通电信4G手机 8404条评论 加入购物车对比2个商家
2016/01/08 03:02:07 Item: 2:          Apple iPhone 6s Plus 64GB 玫瑰金色 移动联通电信4G手机 12813条评论 加入购物车对比
2016/01/08 03:02:07 Item: 3:          Apple iPhone 6s 16GB 玫瑰金色 移动联通电信4G手机 21988条评论 查看详情对比2个商家
2016/01/08 03:02:07 Item: 4:          【电信购机赠费】Apple iPhone 6s 16GB 玫瑰金色 移动联通电信 21988条评论 查看详情对比
2016/01/08 03:02:07 Item: 5:          【移动赠费版】Apple iPhone 6s 16GB 玫瑰金 全网通 21988条评论 查看详情对比
2016/01/08 03:02:07 Item: 6:          【移动赠费版】Apple iPhone 6s Plus 16GB 玫瑰金 全网通 11711条评论 查看详情对比
2016/01/08 03:02:07 Item: 7:          Apple iPhone 6s 128GB 玫瑰金色 移动联通电信4G手机 333条评论 加入购物车对比
2016/01/08 03:02:21      ========================== 索尼 Z5 ==========================
2016/01/08 03:02:22 Item: 0:          索尼手机E6883尊享版(镜像银）Z5 8条评论 加入购物车对比
2016/01/08 03:02:22 Item: 1:          桑格数码电池SG-F960/F970 1条评论 加入购物车对比
2016/01/08 03:03:05      ========================== 魅族 MX5 ==========================
2016/01/08 03:03:05 Item: 0:          魅族 MX5（M575）16GB 银白色 移动联通4G手机 5363条评论 加入购物车对比8个商家
2016/01/08 03:03:05 Item: 1:          魅族 MX5 16GB 银黑色 移动4G公开版 6073条评论 加入购物车对比10个商家
2016/01/08 03:03:05 Item: 2:          魅族 MX5（M575）16GB 银黑色 移动联通4G手机 1322条评论 加入购物车对比5个商家
2016/01/08 03:03:05 Item: 3:          魅族 MX5 M575 银黑色16GB 公开版 10条评论 加入购物车对比6个商家
2016/01/08 03:03:05 Item: 4:          魅族 MX5 M575 银白色16GB 公开版 99条评论 加入购物车对比5个商家
2016/01/08 03:03:05 Item: 5:          魅族 MX5 16GB 金色 4条评论 加入购物车对比3个商家
2016/01/08 03:03:05 Item: 6:          魅族 MX5 16GB 银白色 1条评论 加入购物车对比2个商家
2016/01/08 03:03:05 Item: 7:          魅族 MX5 16GB 灰色 移动4G手机 1条评论 加入购物车对比6个商家
2016/01/08 03:03:05 Item: 8:          魅族 MX5 16GB 灰色 移动4G手机 双卡双待 4条评论 加入购物车对比7个商家
2016/01/08 03:03:05 Item: 9:          魅族 MX5 16GB （银白色 ）移动4G公开版 11条评论 加入购物车对比8个商家
2016/01/08 03:03:49      ========================== 魅族 MX5 ==========================
2016/01/08 03:03:49 Item: 0:          魅族 MX5（M575）16GB 银白色 移动联通4G手机 5363条评论 加入购物车对比8个商家
2016/01/08 03:03:49 Item: 1:          魅族 MX5 16GB 银黑色 移动4G公开版 6073条评论 加入购物车对比10个商家
2016/01/08 03:03:49 Item: 2:          魅族 MX5（M575）16GB 银黑色 移动联通4G手机 1322条评论 加入购物车对比5个商家
2016/01/08 03:03:49 Item: 3:          魅族 MX5 M575 银黑色16GB 公开版 10条评论 加入购物车对比6个商家
2016/01/08 03:03:49 Item: 4:          魅族 MX5 M575 银白色16GB 公开版 99条评论 加入购物车对比5个商家
2016/01/08 03:03:49 Item: 5:          魅族 MX5 16GB 金色 4条评论 加入购物车对比3个商家
2016/01/08 03:03:49 Item: 6:          魅族 MX5 16GB 银白色 1条评论 加入购物车对比2个商家
2016/01/08 03:03:49 Item: 7:          魅族 MX5 16GB 灰色 移动4G手机 1条评论 加入购物车对比6个商家
2016/01/08 03:03:49 Item: 8:          魅族 MX5 16GB 灰色 移动4G手机 双卡双待 4条评论 加入购物车对比7个商家
2016/01/08 03:03:49 Item: 9:          魅族 MX5 16GB （银白色 ）移动4G公开版 11条评论 加入购物车对比8个商家
2016/01/08 03:07:50      ========================== 魅族 MX5 ==========================
2016/01/08 03:07:51 Item: 0:          魅族 MX5（M575）16GB 银白色 移动联通4G手机 5363条评论 加入购物车对比8个商家
2016/01/08 03:07:51 Item: 1:          魅族 MX5 16GB 银黑色 移动4G公开版 6073条评论 加入购物车对比10个商家
2016/01/08 03:07:51 Item: 2:          魅族 MX5（M575）16GB 银黑色 移动联通4G手机 1322条评论 加入购物车对比5个商家
2016/01/08 03:07:51 Item: 3:          魅族 MX5 M575 银黑色16GB 公开版 10条评论 加入购物车对比6个商家
2016/01/08 03:07:51 Item: 4:          魅族 MX5 M575 银白色16GB 公开版 99条评论 加入购物车对比5个商家
2016/01/08 03:07:51 Item: 5:          魅族 MX5 16GB 金色 4条评论 加入购物车对比3个商家
2016/01/08 03:07:51 Item: 6:          魅族 MX5 16GB 银白色 1条评论 加入购物车对比2个商家
2016/01/08 03:07:51 Item: 7:          魅族 MX5 16GB 灰色 移动4G手机 1条评论 加入购物车对比6个商家
2016/01/08 03:07:51 Item: 8:          魅族 MX5 16GB 灰色 移动4G手机 双卡双待 4条评论 加入购物车对比7个商家
2016/01/08 03:07:51 Item: 9:          魅族 MX5 16GB （银白色 ）移动4G公开版 11条评论 加入购物车对比8个商家
2016/01/08 03:09:53      ========================== 魅族 MX5 ==========================
2016/01/08 03:09:53 Item: 0:          魅族 MX5（M575）16GB 银白色 移动联通4G手机 5363条评论 加入购物车对比8个商家
2016/01/08 03:09:53 Item: 1:          魅族 MX5 16GB 银黑色 移动4G公开版 6073条评论 加入购物车对比10个商家
2016/01/08 03:09:53 Item: 2:          魅族 MX5（M575）16GB 银黑色 移动联通4G手机 1322条评论 加入购物车对比5个商家
2016/01/08 03:09:53 Item: 3:          魅族 MX5 M575 银黑色16GB 公开版 10条评论 加入购物车对比6个商家
2016/01/08 03:09:53 Item: 4:          魅族 MX5 M575 银白色16GB 公开版 99条评论 加入购物车对比5个商家
2016/01/08 03:09:53 Item: 5:          魅族 MX5 16GB 金色 4条评论 加入购物车对比3个商家
2016/01/08 03:09:53 Item: 6:          魅族 MX5 16GB 银白色 1条评论 加入购物车对比2个商家
2016/01/08 03:09:53 Item: 7:          魅族 MX5 16GB 灰色 移动4G手机 1条评论 加入购物车对比6个商家
2016/01/08 03:09:53 Item: 8:          魅族 MX5 16GB 灰色 移动4G手机 双卡双待 4条评论 加入购物车对比7个商家
2016/01/08 03:09:53 Item: 9:          魅族 MX5 16GB （银白色 ）移动4G公开版 11条评论 加入购物车对比8个商家
2016/01/08 03:10:07      ========================== 魅族 MX5 ==========================
2016/01/08 03:11:13      ========================== 魅族 MX5 ==========================
2016/01/08 03:27:08      ========================== 魅族 MX5 ==========================
2016/01/08 03:27:09 Item: 0:   999.00 魅族 MX4 Pro 16GB 灰色 联通4G手机 12226关注
2016/01/08 03:27:09 Item: 1:  1099.00 魅族 MX4 16GB 灰色 移动4G手机 54827关注
2016/01/08 03:27:09 Item: 2:  1199.00 【套装版】魅族 MX4 Pro 16GB 灰色 移动4G手机 2214关注
2016/01/08 03:27:09 Item: 3:  1688.00 【联通赠费版】魅族 MX5 16GB 金色 移动联通双4G手机 双卡双待 39关注
2016/01/08 03:27:09 Item: 4:  1699.00 魅族 MX5 16GB 灰色 移动4G手机 双卡双待 7221关注
2016/01/08 03:27:09 Item: 5:  1699.00 魅族 MX5 16GB 灰色 移动4G手机 双卡双待 1514关注
2016/01/08 03:27:20      ========================== iPhone 6 64G ==========================
2016/01/08 03:27:20 Item: 0:  5288.00 Apple iPhone 6 (A1586) 64GB 银色 移动联通电信4G手机 20095关注
2016/01/08 03:27:20 Item: 1:  5788.00 Apple iPhone 6s (A1700) 64G 金色 移动联通电信4G手机 23677关注
2016/01/08 03:27:20 Item: 2:  5887.00 Apple iPhone 6s (A1700) 64G 玫瑰金色 移动联通电信4G手机+dostyle 一体式USB蓝牙耳机 35692关注
2016/01/08 03:27:20 Item: 3:  5906.00 Apple iPhone 6s (A1700) 64G 玫瑰金色 移动联通电信4G手机（创意彩绘手机保护套装） 27766关注
2016/01/08 03:27:20 Item: 4:  5957.00 Apple iPhone 6s (A1700) 64G 玫瑰金色 移动联通电信4G手机（配移动电源套装） 28150关注
2016/01/08 03:27:20 Item: 5:  6488.00 Apple iPhone 6s plus (A1699) 64G 金色 移动联通电信4G手机 11190关注
2016/01/08 03:27:39      ========================== 华为 麦芒 金色 ==========================
2016/01/08 03:27:39 Item: 0:  1178.00 华为 麦芒3S C199S 黑金色 电信4G手机 双卡双待双通 891关注
2016/01/08 03:27:39 Item: 1:  2499.00 华为 麦芒4 晨曦金 全网通版4G手机 双卡双待 24615关注
2016/01/08 03:27:48      ========================== OPPO R7 ==========================
2016/01/08 03:27:48 Item: 0:  2299.00 OPPO R7 银色 移动4G手机 双卡双待 11332关注
2016/01/08 03:27:48 Item: 1:  2499.00 OPPO R7S 玫瑰金 移动4G手机 双卡双待 5395关注
2016/01/08 03:27:48 Item: 2:  2599.00 OPPO R7S 玫瑰金 全网通4G手机 双卡双待 1547关注
2016/01/08 03:27:48 Item: 3:  2899.00 OPPO R7 Plus 金色 移动4G手机 双卡双待 9330关注
2016/01/08 03:27:48 Item: 4:  2999.00 OPPO R7 Plus 金色 移动高配版4G手机 双卡双待（R7s plus） 335关注
2016/01/08 03:27:59      ========================== 小米 4C 白色 高配 ==========================
2016/01/08 03:28:00 Item: 0:  1499.00 小米 4c 高配版 全网通 白色 移动联通电信4G手机 双卡双待 22845关注
2016/01/08 03:28:17      ========================== iPhone 玫瑰金 ==========================
2016/01/08 03:28:17 Item: 0:  4888.00 【电信赠费版】Apple iPhone 6s 16G 玫瑰金 移动联通电信4G手机 481关注
2016/01/08 03:28:17 Item: 1:  5052.00 Apple iPhone 6s (A1700) 16G 玫瑰金色 移动联通电信4G手机（手机保护套装） 41235关注
2016/01/08 03:28:17 Item: 2:  5087.00 Apple iPhone 6s (A1700) 16G 玫瑰金色 移动联通电信4G手机+dostyle蓝牙耳机套装 48944关注
2016/01/08 03:28:17 Item: 3:  5157.00 Apple iPhone 6s (A1700) 16G 玫瑰金色 移动联通电信4G手机（配移动电源套装） 40844关注
2016/01/08 03:28:17 Item: 4:  5186.00 Apple iPhone 6s (A1700) 16G 玫瑰金色 移动联通电信4G手机+dostyle USB蓝牙耳机 / 便携式移动电源 55291关注
2016/01/08 03:28:17 Item: 5:  5788.00 Apple iPhone 6s plus (A1699) 16G 玫瑰金色 移动联通电信4G手机 15557关注
2016/01/08 03:28:17 Item: 6:  5807.90 Apple iPhone 6s plus (A1699) 16G 玫瑰金色 移动联通电信4G手机（钢化膜套装） 15283关注
2016/01/08 03:28:17 Item: 7:  5887.00 Apple iPhone 6s (A1700) 64G 玫瑰金色 移动联通电信4G手机+dostyle 一体式USB蓝牙耳机 35692关注
2016/01/08 03:28:17 Item: 8:  5906.00 Apple iPhone 6s (A1700) 64G 玫瑰金色 移动联通电信4G手机（创意彩绘手机保护套装） 27766关注
2016/01/08 03:28:17 Item: 9:  5957.00 Apple iPhone 6s (A1700) 64G 玫瑰金色 移动联通电信4G手机（配移动电源套装） 28150关注
2016/01/08 03:28:26      ========================== 索尼 Z5 ==========================
2016/01/08 03:28:26 Item: 0:  4999.00 索尼(SONY)Xperia Z5 E6683 索尼Z5 移动联通双4G 双卡手机 青川绿 174关注
2016/01/08 03:28:26 Item: 1:  5699.00 索尼(SONY) E6883 Xperia Z5 尊享版 4K屏 侧边指纹解锁 双卡手机 镜像银 1016关注
